05/06/2024 00:58:00 [Info] : Se agregó la venta 0
05/06/2024 00:58:43 [Info] : Se agregó el boleto 0
05/06/2024 01:00:24 [Info] : Se actualizó la venta 0
05/06/2024 01:00:24 [Info] : Se actualizó el boleto 0
05/06/2024 01:02:16 [Info] : Se actualizó la venta 0
05/06/2024 01:09:08 [Info] : Se agregó la venta 0
05/06/2024 01:09:31 [Info] : Se agregó el boleto 0
05/06/2024 01:09:51 [Info] : Se agregó el boleto 1
05/06/2024 01:11:27 [Info] : Se agregó la venta 1
05/06/2024 01:12:05 [Info] : Se agregó el boleto 2
05/06/2024 16:02:23 [Info] : Se agregó la venta 0
05/06/2024 16:04:38 [Info] : Se agregó el boleto af86831b-ea0d-4f89-ac8e-ecca034b29c1
05/06/2024 16:06:52 [Info] : Se agregó la venta 1
05/06/2024 16:10:48 [Info] : Se agregó la venta 0
05/06/2024 16:11:07 [Info] : Se agregó el boleto 199cbcff-94f9-4345-88d2-cd66e7f5a5a3
05/06/2024 16:11:29 [Info] : Se agregó el boleto 9702d0bf-439f-4d8a-b105-c463749545cb
05/06/2024 16:12:58 [Info] : Se agregó la venta 1
05/06/2024 16:26:10 [Info] : Se agregó la venta 0
05/06/2024 16:26:37 [Info] : Se agregó el boleto 719ee53c-62e2-443b-ad00-3698dfb91795
05/06/2024 16:26:43 [Info] : Se agregó el boleto ced56720-c42e-499e-9307-6fb847f6fd2d
05/06/2024 16:27:30 [Info] : Se agregó la venta 1
05/06/2024 16:27:43 [Info] : Se agregó el boleto 99df15c9-dcd2-440a-910c-0b7288636223
05/06/2024 16:28:07 [Info] : Se agregó el boleto d91af4fd-2c64-4677-ab64-6a5e52a0d839
05/06/2024 16:31:42 [Info] : Se agregó la venta 0
05/06/2024 16:31:46 [Info] : Se agregó el boleto 6a4956c0-b7be-4fa6-93b9-5ff8b9070fc5
05/06/2024 17:44:39 [Info] : Se agregó la venta bd310cdd-9307-4dac-8ea0-d5b2415bf227
05/06/2024 17:44:45 [Info] : Se agregó el boleto 212fba48-e2dd-4a28-baf0-1d286a331b18
